<?xml version="1.0" encoding="UTF-8"?>
<testsuite name="Test" tests="1" skipped="0" failures="0" errors="0" timestamp="2022-07-02T06:37:54" hostname="LAPTOP-QAQ5Q9MT" time="0.159">
  <properties/>
  <testcase name="WallServiceAdd" classname="Test" time="0.159"/>
  <system-out><![CDATA[]]></system-out>
  <system-err><![CDATA[]]></system-err>
</testsuite>
